<?xml version="1.0" encoding="UTF-8"?>
<testsuite xmlns:xsi="http://www.w3.org/2001/XMLSchema-instance" xsi:noNamespaceSchemaLocation="https://maven.apache.org/surefire/maven-surefire-plugin/xsd/surefire-test-report.xsd" name="runner.TestRunner" time="3.145" tests="14" errors="0" skipped="0" failures="0">
  <properties>
[...]
</properties>
  <testcase name="Retrieve GitHub repositories for a specific user" classname="GitHub search repository API" time="0.183"/>
  <testcase name="Retrieve total number of GitHub repositories for a programming language #1" classname="GitHub search repository API" time="0.024"/>
  <testcase name="Retrieve total number of GitHub repositories for a programming language #2" classname="GitHub search repository API" time="0.068"/>
  <testcase name="Retrieve GitHub repositories created on a specific date with name contains cucumber" classname="GitHub search repository API" time="0.035"/>
  <testcase name="Retrieve most starred GitHub repositories in descending order for a user" classname="GitHub search repository API" time="0.038"/>
  <testcase name="Retrieve GitHub repositories with a large page size" classname="GitHub search repository API" time="0.044"/>
  <testcase name="Retrieve GitHub repositories created on the latest possible date" classname="GitHub search repository API" time="0.024"/>
  <testcase name="Retrieve GitHub repositories based on search criteria #1" classname="GitHub search repository API" time="0.052"/>
  <testcase name="Retrieve GitHub repositories based on search criteria #2" classname="GitHub search repository API" time="0.027"/>
  <testcase name="Retrieve GitHub repositories based on search criteria #3" classname="GitHub search repository API" time="0.018"/>
  <testcase name="Retrieve GitHub repositories based on search criteria #4" classname="GitHub search repository API" time="0.02"/>
  <testcase name="Retrieve GitHub repositories with an invalid date format" classname="GitHub search repository API" time="0.14"/>
  <testcase name="Retrieve GitHub repositories with an empty query parameter" classname="GitHub search repository API" time="0.003"/>
  <testcase name="Access an invalid GitHub API endpoint" classname="GitHub search repository API" time="0.004"/>
</testsuite>